<?xml version="1.0" encoding="UTF-8"?>
<coverage generated="1629371468031" clover="3.2.0">
  <project timestamp="1629371468031" name="All files">
    <metrics statements="43" coveredstatements="40" conditionals="19" coveredconditionals="18" methods="5" coveredmethods="5" elements="67" coveredelements="63" complexity="0" loc="43" ncloc="43" packages="1" files="2" classes="2"/>
    <file name="app.js" path="D:\code\timeslots\app.js">
      <metrics statements="28" coveredstatements="27" conditionals="14" coveredconditionals="14" methods="1" coveredmethods="1"/>
      <line num="1" count="1" type="stmt"/>
      <line num="2" count="1" type="stmt"/>
      <line num="11" count="9" type="stmt"/>
      <line num="12" count="9" type="stmt"/>
      <line num="13" count="9" type="stmt"/>
      <line num="14" count="9" type="stmt"/>
      <line num="15" count="9" type="stmt"/>
      <line num="16" count="9" type="stmt"/>
      <line num="17" count="65" type="stmt"/>
      <line num="19" count="65" type="stmt"/>
      <line num="20" count="65" type="stmt"/>
      <line num="21" count="65" type="stmt"/>
      <line num="24" count="65" type="stmt"/>
      <line num="25" count="65" type="stmt"/>
      <line num="26" count="1560" type="stmt"/>
      <line num="27" count="1560" type="stmt"/>
      <line num="28" count="1560" type="cond" truecount="2" falsecount="0"/>
      <line num="35" count="240" type="stmt"/>
      <line num="36" count="1320" type="cond" truecount="2" falsecount="0"/>
      <line num="44" count="864" type="stmt"/>
      <line num="46" count="1560" type="stmt"/>
      <line num="48" count="65" type="stmt"/>
      <line num="49" count="65" type="stmt"/>
      <line num="51" count="9" type="stmt"/>
      <line num="52" count="9" type="stmt"/>
      <line num="53" count="9" type="stmt"/>
      <line num="55" count="0" type="stmt"/>
      <line num="59" count="1" type="stmt"/>
    </file>
    <file name="checkMaxPerSlot.js" path="D:\code\timeslots\checkMaxPerSlot.js">
      <metrics statements="15" coveredstatements="13" conditionals="5" coveredconditionals="4" methods="4" coveredmethods="4"/>
      <line num="1" count="1" type="stmt"/>
      <line num="2" count="1" type="cond" truecount="1" falsecount="0"/>
      <line num="3" count="8" type="stmt"/>
      <line num="4" count="8" type="stmt"/>
      <line num="5" count="8" type="stmt"/>
      <line num="6" count="16" type="cond" truecount="1" falsecount="1"/>
      <line num="7" count="16" type="stmt"/>
      <line num="10" count="8" type="stmt"/>
      <line num="11" count="55" type="stmt"/>
      <line num="12" count="952" type="cond" truecount="2" falsecount="0"/>
      <line num="13" count="6" type="stmt"/>
      <line num="14" count="6" type="stmt"/>
      <line num="18" count="8" type="stmt"/>
      <line num="20" count="0" type="stmt"/>
      <line num="21" count="0" type="stmt"/>
    </file>
  </project>
</coverage>
