{"D:\\code\\timeslots\\app.js": {"path":"D:\\code\\timeslots\\app.js","statementMap":{"0":{"start":{"line":1,"column":15},"end":{"line":1,"column":32}},"1":{"start":{"line":2,"column":14},"end":{"line":2,"column":42}},"2":{"start":{"line":11,"column":2},"end":{"line":56,"column":3}},"3":{"start":{"line":12,"column":26},"end":{"line":12,"column":44}},"4":{"start":{"line":13,"column":19},"end":{"line":13,"column":68}},"5":{"start":{"line":14,"column":17},"end":{"line":14,"column":64}},"6":{"start":{"line":15,"column":15},"end":{"line":15,"column":17}},"7":{"start":{"line":16,"column":4},"end":{"line":50,"column":5}},"8":{"start":{"line":16,"column":17},"end":{"line":16,"column":18}},"9":{"start":{"line":17,"column":22},"end":{"line":17,"column":24}},"10":{"start":{"line":19,"column":22},"end":{"line":19,"column":62}},"11":{"start":{"line":20,"column":20},"end":{"line":20,"column":58}},"12":{"start":{"line":21,"column":6},"end":{"line":23,"column":30}},"13":{"start":{"line":24,"column":18},"end":{"line":24,"column":20}},"14":{"start":{"line":25,"column":6},"end":{"line":47,"column":7}},"15":{"start":{"line":26,"column":39},"end":{"line":26,"column":70}},"16":{"start":{"line":27,"column":33},"end":{"line":27,"column":63}},"17":{"start":{"line":28,"column":8},"end":{"line":45,"column":9}},"18":{"start":{"line":35,"column":10},"end":{"line":35,"column":47}},"19":{"start":{"line":36,"column":15},"end":{"line":45,"column":9}},"20":{"start":{"line":44,"column":10},"end":{"line":44,"column":47}},"21":{"start":{"line":46,"column":8},"end":{"line":46,"column":47}},"22":{"start":{"line":48,"column":6},"end":{"line":48,"column":30}},"23":{"start":{"line":49,"column":6},"end":{"line":49,"column":27}},"24":{"start":{"line":51,"column":4},"end":{"line":51,"column":39}},"25":{"start":{"line":52,"column":4},"end":{"line":52,"column":22}},"26":{"start":{"line":53,"column":4},"end":{"line":53,"column":16}},"27":{"start":{"line":55,"column":4},"end":{"line":55,"column":23}},"28":{"start":{"line":59,"column":0},"end":{"line":61,"column":2}}},"fnMap":{"0":{"name":"getTimeSlots","decl":{"start":{"line":3,"column":9},"end":{"line":3,"column":21}},"loc":{"start":{"line":10,"column":2},"end":{"line":57,"column":1}},"line":10}},"branchMap":{"0":{"loc":{"start":{"line":5,"column":2},"end":{"line":5,"column":27}},"type":"default-arg","locations":[{"start":{"line":5,"column":17},"end":{"line":5,"column":27}}],"line":5},"1":{"loc":{"start":{"line":6,"column":2},"end":{"line":6,"column":25}},"type":"default-arg","locations":[{"start":{"line":6,"column":15},"end":{"line":6,"column":25}}],"line":6},"2":{"loc":{"start":{"line":7,"column":2},"end":{"line":7,"column":18}},"type":"default-arg","locations":[{"start":{"line":7,"column":17},"end":{"line":7,"column":18}}],"line":7},"3":{"loc":{"start":{"line":8,"column":2},"end":{"line":8,"column":19}},"type":"default-arg","locations":[{"start":{"line":8,"column":17},"end":{"line":8,"column":19}}],"line":8},"4":{"loc":{"start":{"line":9,"column":2},"end":{"line":9,"column":17}},"type":"default-arg","locations":[{"start":{"line":9,"column":16},"end":{"line":9,"column":17}}],"line":9},"5":{"loc":{"start":{"line":28,"column":8},"end":{"line":45,"column":9}},"type":"if","locations":[{"start":{"line":28,"column":8},"end":{"line":45,"column":9}},{"start":{"line":28,"column":8},"end":{"line":45,"column":9}}],"line":28},"6":{"loc":{"start":{"line":29,"column":10},"end":{"line":33,"column":11}},"type":"binary-expr","locations":[{"start":{"line":29,"column":10},"end":{"line":29,"column":21}},{"start":{"line":30,"column":10},"end":{"line":30,"column":55}},{"start":{"line":31,"column":10},"end":{"line":33,"column":11}}],"line":29},"7":{"loc":{"start":{"line":36,"column":15},"end":{"line":45,"column":9}},"type":"if","locations":[{"start":{"line":36,"column":15},"end":{"line":45,"column":9}},{"start":{"line":36,"column":15},"end":{"line":45,"column":9}}],"line":36},"8":{"loc":{"start":{"line":37,"column":10},"end":{"line":42,"column":11}},"type":"binary-expr","locations":[{"start":{"line":37,"column":10},"end":{"line":37,"column":55}},{"start":{"line":38,"column":10},"end":{"line":42,"column":11}}],"line":37}},"s":{"0":1,"1":1,"2":9,"3":9,"4":9,"5":9,"6":9,"7":9,"8":9,"9":45,"10":45,"11":45,"12":45,"13":45,"14":45,"15":1080,"16":1080,"17":1080,"18":240,"19":840,"20":528,"21":1080,"22":45,"23":45,"24":9,"25":9,"26":9,"27":0,"28":1},"f":{"0":9},"b":{"0":[5],"1":[5],"2":[5],"3":[5],"4":[5],"5":[240,840],"6":[1080,600,480],"7":[528,312],"8":[840,624]},"_coverageSchema":"1a1c01bbd47fc00a2c39e90264f33305004495a9","hash":"3fb9309b23897b24a0d2d38c54137f1df138bf33"}
,"D:\\code\\timeslots\\checkMaxPerSlot.js": {"path":"D:\\code\\timeslots\\checkMaxPerSlot.js","statementMap":{"0":{"start":{"line":1,"column":11},"end":{"line":1,"column":31}},"1":{"start":{"line":2,"column":0},"end":{"line":23,"column":2}},"2":{"start":{"line":3,"column":2},"end":{"line":22,"column":3}},"3":{"start":{"line":4,"column":20},"end":{"line":4,"column":22}},"4":{"start":{"line":5,"column":4},"end":{"line":9,"column":7}},"5":{"start":{"line":6,"column":6},"end":{"line":8,"column":7}},"6":{"start":{"line":7,"column":8},"end":{"line":7,"column":31}},"7":{"start":{"line":10,"column":4},"end":{"line":17,"column":7}},"8":{"start":{"line":11,"column":6},"end":{"line":16,"column":9}},"9":{"start":{"line":12,"column":8},"end":{"line":15,"column":9}},"10":{"start":{"line":13,"column":22},"end":{"line":13,"column":45}},"11":{"start":{"line":14,"column":10},"end":{"line":14,"column":37}},"12":{"start":{"line":18,"column":4},"end":{"line":18,"column":16}},"13":{"start":{"line":20,"column":4},"end":{"line":20,"column":23}},"14":{"start":{"line":21,"column":4},"end":{"line":21,"column":16}}},"fnMap":{"0":{"name":"(anonymous_0)","decl":{"start":{"line":2,"column":26},"end":{"line":2,"column":27}},"loc":{"start":{"line":2,"column":58},"end":{"line":23,"column":1}},"line":2},"1":{"name":"(anonymous_1)","decl":{"start":{"line":5,"column":15},"end":{"line":5,"column":16}},"loc":{"start":{"line":5,"column":22},"end":{"line":9,"column":5}},"line":5},"2":{"name":"(anonymous_2)","decl":{"start":{"line":10,"column":17},"end":{"line":10,"column":18}},"loc":{"start":{"line":10,"column":26},"end":{"line":17,"column":5}},"line":10},"3":{"name":"(anonymous_3)","decl":{"start":{"line":11,"column":24},"end":{"line":11,"column":25}},"loc":{"start":{"line":11,"column":34},"end":{"line":16,"column":7}},"line":11}},"branchMap":{"0":{"loc":{"start":{"line":2,"column":42},"end":{"line":2,"column":56}},"type":"default-arg","locations":[{"start":{"line":2,"column":55},"end":{"line":2,"column":56}}],"line":2},"1":{"loc":{"start":{"line":6,"column":6},"end":{"line":8,"column":7}},"type":"if","locations":[{"start":{"line":6,"column":6},"end":{"line":8,"column":7}},{"start":{"line":6,"column":6},"end":{"line":8,"column":7}}],"line":6},"2":{"loc":{"start":{"line":12,"column":8},"end":{"line":15,"column":9}},"type":"if","locations":[{"start":{"line":12,"column":8},"end":{"line":15,"column":9}},{"start":{"line":12,"column":8},"end":{"line":15,"column":9}}],"line":12}},"s":{"0":1,"1":1,"2":8,"3":8,"4":8,"5":16,"6":16,"7":8,"8":40,"9":693,"10":3,"11":3,"12":8,"13":0,"14":0},"f":{"0":8,"1":16,"2":40,"3":693},"b":{"0":[8],"1":[16,0],"2":[3,690]},"_coverageSchema":"1a1c01bbd47fc00a2c39e90264f33305004495a9","hash":"6cc284baf1c2fa8d9f994444fc4d2186c64e26b1"}
}
