TN:
SF:app.js
FN:3,getTimeSlots
FNF:1
FNH:1
FNDA:9,getTimeSlots
DA:1,1
DA:2,1
DA:11,9
DA:12,9
DA:13,9
DA:14,9
DA:15,9
DA:16,9
DA:17,45
DA:19,45
DA:20,45
DA:21,45
DA:24,45
DA:25,45
DA:26,1080
DA:27,1080
DA:28,1080
DA:35,240
DA:36,840
DA:44,528
DA:46,1080
DA:48,45
DA:49,45
DA:51,9
DA:52,9
DA:53,9
DA:55,0
DA:59,1
LF:28
LH:27
BRDA:5,0,0,5
BRDA:6,1,0,5
BRDA:7,2,0,5
BRDA:8,3,0,5
BRDA:9,4,0,5
BRDA:28,5,0,240
BRDA:28,5,1,840
BRDA:29,6,0,1080
BRDA:29,6,1,600
BRDA:29,6,2,480
BRDA:36,7,0,528
BRDA:36,7,1,312
BRDA:37,8,0,840
BRDA:37,8,1,624
BRF:14
BRH:14
end_of_record
TN:
SF:checkMaxPerSlot.js
FN:2,(anonymous_0)
FN:5,(anonymous_1)
FN:10,(anonymous_2)
FN:11,(anonymous_3)
FNF:4
FNH:4
FNDA:8,(anonymous_0)
FNDA:16,(anonymous_1)
FNDA:40,(anonymous_2)
FNDA:693,(anonymous_3)
DA:1,1
DA:2,1
DA:3,8
DA:4,8
DA:5,8
DA:6,16
DA:7,16
DA:10,8
DA:11,40
DA:12,693
DA:13,3
DA:14,3
DA:18,8
DA:20,0
DA:21,0
LF:15
LH:13
BRDA:2,0,0,8
BRDA:6,1,0,16
BRDA:6,1,1,0
BRDA:12,2,0,3
BRDA:12,2,1,690
BRF:5
BRH:4
end_of_record
