TN:
SF:app.js
FN:3,getTimeSlots
FNF:1
FNH:1
FNDA:9,getTimeSlots
DA:1,1
DA:2,1
DA:11,9
DA:12,9
DA:13,9
DA:14,9
DA:15,9
DA:16,9
DA:17,65
DA:19,65
DA:20,65
DA:21,65
DA:24,65
DA:25,65
DA:26,1560
DA:27,1560
DA:28,1560
DA:35,240
DA:36,1320
DA:44,864
DA:46,1560
DA:48,65
DA:49,65
DA:51,9
DA:52,9
DA:53,9
DA:55,0
DA:59,1
LF:28
LH:27
BRDA:5,0,0,5
BRDA:6,1,0,5
BRDA:7,2,0,5
BRDA:8,3,0,5
BRDA:9,4,0,5
BRDA:28,5,0,240
BRDA:28,5,1,1320
BRDA:29,6,0,1560
BRDA:29,6,1,600
BRDA:29,6,2,520
BRDA:36,7,0,864
BRDA:36,7,1,456
BRDA:37,8,0,1320
BRDA:37,8,1,1168
BRF:14
BRH:14
end_of_record
TN:
SF:checkMaxPerSlot.js
FN:2,(anonymous_0)
FN:5,(anonymous_1)
FN:10,(anonymous_2)
FN:11,(anonymous_3)
FNF:4
FNH:4
FNDA:8,(anonymous_0)
FNDA:16,(anonymous_1)
FNDA:55,(anonymous_2)
FNDA:952,(anonymous_3)
DA:1,1
DA:2,1
DA:3,8
DA:4,8
DA:5,8
DA:6,16
DA:7,16
DA:10,8
DA:11,55
DA:12,952
DA:13,6
DA:14,6
DA:18,8
DA:20,0
DA:21,0
LF:15
LH:13
BRDA:2,0,0,8
BRDA:6,1,0,16
BRDA:6,1,1,0
BRDA:12,2,0,6
BRDA:12,2,1,946
BRF:5
BRH:4
end_of_record
